  MemoryTools.cpp
C:\Users\user\source\repos\MemoryTools\MemoryTools\ThirdParty\hde\hde64.h(30,1): warning C4005: 'F_DISP8': macro redefinition
C:\Users\user\source\repos\MemoryTools\MemoryTools\ThirdParty\hde\hde32.h(29): message : see previous definition of 'F_DISP8'
C:\Users\user\source\repos\MemoryTools\MemoryTools\ThirdParty\hde\hde64.h(31,1): warning C4005: 'F_DISP16': macro redefinition
C:\Users\user\source\repos\MemoryTools\MemoryTools\ThirdParty\hde\hde32.h(30): message : see previous definition of 'F_DISP16'
C:\Users\user\source\repos\MemoryTools\MemoryTools\ThirdParty\hde\hde64.h(32,1): warning C4005: 'F_DISP32': macro redefinition
C:\Users\user\source\repos\MemoryTools\MemoryTools\ThirdParty\hde\hde32.h(31): message : see previous definition of 'F_DISP32'
C:\Users\user\source\repos\MemoryTools\MemoryTools\ThirdParty\hde\hde64.h(33,1): warning C4005: 'F_RELATIVE': macro redefinition
C:\Users\user\source\repos\MemoryTools\MemoryTools\ThirdParty\hde\hde32.h(32): message : see previous definition of 'F_RELATIVE'
C:\Users\user\source\repos\MemoryTools\MemoryTools\ThirdParty\hde\hde64.h(47,1): warning C4005: 'F_PREFIX_ANY': macro redefinition
C:\Users\user\source\repos\MemoryTools\MemoryTools\ThirdParty\hde\hde32.h(46): message : see previous definition of 'F_PREFIX_ANY'
C:\Users\user\source\repos\MemoryTools\MemoryTools\MemoryTools.cpp(574,21): warning C4101: 'pMappedMapDLLInfo': unreferenced local variable
C:\Users\user\source\repos\MemoryTools\MemoryTools\MemoryTools.cpp(989,40): warning C4477: 'snprintf' : format string '%p' requires an argument of type 'void *', but variadic argument 1 has type 'ZyanU32'
C:\Users\user\source\repos\MemoryTools\MemoryTools\MemoryTools.cpp(955,9): warning C4101: 'disasm': unreferenced local variable
C:\Users\user\source\repos\MemoryTools\MemoryTools\MemoryTools.cpp(952,22): warning C4101: 'operands': unreferenced local variable
C:\Users\user\source\repos\MemoryTools\MemoryTools\MemoryTools.cpp(1024,20): warning C4018: '<': signed/unsigned mismatch
C:\Users\user\source\repos\MemoryTools\MemoryTools\MemoryTools.cpp(1059,20): warning C4018: '<': signed/unsigned mismatch
C:\Users\user\source\repos\MemoryTools\MemoryTools\MemoryTools.cpp(1095,20): warning C4018: '<': signed/unsigned mismatch
C:\Users\user\source\repos\MemoryTools\MemoryTools\MemoryTools.cpp(1131,91): warning C4133: '-': incompatible types - from 'void *' to 'char *'
C:\Users\user\source\repos\MemoryTools\MemoryTools\MemoryTools.cpp(1131,32): warning C4477: 'snprintf' : format string '%p' requires an argument of type 'void *', but variadic argument 2 has type 'int'
C:\Users\user\source\repos\MemoryTools\MemoryTools\MemoryTools.cpp(617): warning C4715: 'MapDLLToProcess': not all control paths return a value
C:\Users\user\source\repos\MemoryTools\MemoryTools\MemoryTools.cpp(531): warning C4731: 'CreateNewStackx86': frame pointer register 'ebp' modified by inline assembly code
C:\Users\user\source\repos\MemoryTools\MemoryTools\MemoryTools.cpp(1419): warning C4715: 'MemToolsExceptionHandler': not all control paths return a value
  buffer.c
cl : command line warning D9032: '-doc' : XML documentation comments are not supported by the C compiler
  hook.c
cl : command line warning D9032: '-doc' : XML documentation comments are not supported by the C compiler
  trampoline.c
cl : command line warning D9032: '-doc' : XML documentation comments are not supported by the C compiler
  hde32.c
cl : command line warning D9032: '-doc' : XML documentation comments are not supported by the C compiler
  hde64.c
cl : command line warning D9032: '-doc' : XML documentation comments are not supported by the C compiler
  Generating Code...
Zydis.lib(Zydis.dll) : warning LNK4006: __NULL_IMPORT_DESCRIPTOR already defined in Ntdll.lib(ntdll.dll); second definition ignored
DbgHelp.lib(dbghelp.dll) : warning LNK4006: __NULL_IMPORT_DESCRIPTOR already defined in Ntdll.lib(ntdll.dll); second definition ignored
  MemoryTools.vcxproj -> C:\Users\user\source\repos\MemoryTools\Debug\MemoryTools.lib
Debug\hook.xdc : warning XDC0006: file(s) not found
Debug\buffer.xdc : warning XDC0006: file(s) not found
Debug\hde64.xdc : warning XDC0006: file(s) not found
Debug\hde32.xdc : warning XDC0006: file(s) not found
Debug\trampoline.xdc : warning XDC0006: file(s) not found
          1 file(s) copied.
